<?xml version="1.0" encoding="UTF-8"?>
<!-- Generated by org.testng.reporters.JUnitXMLReporter -->
<testsuite ignored="0" hostname="HR-52L" failures="2" tests="7" name="Test" time="146.949" errors="0" timestamp="2025-05-08T15:58:28 IST">
  <testcase classname="Tests.LoginTest" name="testInvalidLogin" time="32.483"/>
  <testcase classname="Tests.LoginTest" name="testLoginFieldsPresence" time="0.09"/>
  <testcase classname="Tests.LoginTest" name="testPageTitleAndUrl" time="0.015"/>
  <testcase classname="Tests.LoginTest" name="testValidLogin" time="18.874"/>
  <testcase classname="Tests.LogoutTest" name="testLogoutFunctionality" time="21.334">
    <failure type="java.lang.AssertionError" message="Login failed, cannot proceed with logout. expected [true] but found [false]">
      <![CDATA[java.lang.AssertionError: Login failed, cannot proceed with logout. expected [true] but found [false]
at Tests.LogoutTest.testLogoutFunctionality(LogoutTest.java:17)
at java.base/java.util.ArrayList.forEach(ArrayList.java:1596)
... Removed 28 stack frames]]>
    </failure>
  </testcase> <!-- testLogoutFunctionality -->
  <testcase classname="Tests.PhotographTest" name="testUploadValidPhotograph" time="27.785"/>
  <testcase classname="Tests.PersonalDetailsTest" name="verifyPersonalDetailsFieldAccess" time="18.281">
    <failure type="java.lang.AssertionError" message="First name should not be editable. expected [false] but found [true]">
      <![CDATA[java.lang.AssertionError: First name should not be editable. expected [false] but found [true]
at Tests.PersonalDetailsTest.verifyPersonalDetailsFieldAccess(PersonalDetailsTest.java:23)
at java.base/java.util.ArrayList.forEach(ArrayList.java:1596)
... Removed 28 stack frames]]>
    </failure>
  </testcase> <!-- verifyPersonalDetailsFieldAccess -->
</testsuite> <!-- Test -->
